<?xml version="1.0" encoding="UTF-8"?>
<!-- Generated by org.testng.reporters.JUnitReportReporter -->
<testsuite skipped="0" hostname="192.168.20.23" name="com.QWorks.Test.PasswordReset" tests="1" failures="0" timestamp="14 Feb 2019 10:54:18 GMT" time="6.796" errors="0">
  <testcase name="pwReset" time="6.796" classname="com.QWorks.Test.PasswordReset"/>
</testsuite> <!-- com.QWorks.Test.PasswordReset -->
