<?xml version="1.0" encoding="UTF-8"?>
<!-- Generated by org.testng.reporters.JUnitReportReporter -->
<testsuite skipped="0" hostname="192.168.20.23" name="com.QWorks.Test.LoginPage" tests="1" failures="0" timestamp="15 Feb 2019 05:26:51 GMT" time="10.566" errors="0">
  <testcase name="userLogin" time="10.566" classname="com.QWorks.Test.LoginPage"/>
</testsuite> <!-- com.QWorks.Test.LoginPage -->
